# JRE version: OpenJDK Runtime Environment Temurin-21.0.10+7 (21.0.10+7) (build 21.0.10+7-LTS)
# Java VM: OpenJDK 64-Bit Server VM Temurin-21.0.10+7 (21.0.10+7-LTS, mixed mode, sharing, tiered, compressed oops, compressed class ptrs, parallel gc, windows-amd64)
GC Precious Log:
 CardTable entry size: 512
 CPUs: 8 total, 8 available
 Memory: 12055M
 Large Page Support: Disabled
 NUMA Support: Disabled
 Compressed Oops: Enabled (32-bit)
 Alignments: Space 512K, Generation 512K, Heap 2M
 Heap Min Capacity: 100M
 Heap Initial Capacity: 100M
 Heap Max Capacity: 2G
 Pre-touch: Disabled
 Parallel Workers: 8
Heap:
 PSYoungGen      total 23040K, used 11297K [0x00000000d5580000, 0x00000000d7080000, 0x0000000100000000)
  eden space 21504K, 45% used [0x00000000d5580000,0x00000000d5f0b650,0x00000000d6a80000)
  from space 1536K, 99% used [0x00000000d6b00000,0x00000000d6c7ce88,0x00000000d6c80000)
  to   space 3072K, 0% used [0x00000000d6d80000,0x00000000d6d80000,0x00000000d7080000)
 ParOldGen       total 68608K, used 47370K [0x0000000080000000, 0x0000000084300000, 0x00000000d5580000)
  object space 68608K, 69% used [0x0000000080000000,0x0000000082e42a60,0x0000000084300000)
 Metaspace       used 68029K, committed 69504K, reserved 1114112K
  class space    used 7507K, committed 8128K, reserved 1048576K
GC Heap History (20 events):
Event: 37.965 GC heap before
{Heap before GC invocations=39 (full 3):
 PSYoungGen      total 23040K, used 23032K [0x00000000d5580000, 0x00000000d6f00000, 0x0000000100000000)
  eden space 22016K, 100% used [0x00000000d5580000,0x00000000d6b00000,0x00000000d6b00000)
  from space 1024K, 99% used [0x00000000d6d00000,0x00000000d6dfe328,0x00000000d6e00000)
  to   space 1024K, 0% used [0x00000000d6e00000,0x00000000d6e00000,0x00000000d6f00000)
 ParOldGen       total 68608K, used 30605K [0x0000000080000000, 0x0000000084300000, 0x00000000d5580000)
  object space 68608K, 44% used [0x0000000080000000,0x0000000081de3740,0x0000000084300000)
 Metaspace       used 60603K, committed 61888K, reserved 1114112K
  class space    used 6734K, committed 7296K, reserved 1048576K
}
Event: 37.970 GC heap after
{Heap after GC invocations=39 (full 3):
 PSYoungGen      total 22528K, used 992K [0x00000000d5580000, 0x00000000d7200000, 0x0000000100000000)
  eden space 21504K, 0% used [0x00000000d5580000,0x00000000d5580000,0x00000000d6a80000)
  from space 1024K, 96% used [0x00000000d6e00000,0x00000000d6ef8030,0x00000000d6f00000)
  to   space 3584K, 0% used [0x00000000d6a80000,0x00000000d6a80000,0x00000000d6e00000)
 ParOldGen       total 68608K, used 32525K [0x0000000080000000, 0x0000000084300000, 0x00000000d5580000)
  object space 68608K, 47% used [0x0000000080000000,0x0000000081fc3538,0x0000000084300000)
 Metaspace       used 60603K, committed 61888K, reserved 1114112K
  class space    used 6734K, committed 7296K, reserved 1048576K
}
Event: 38.299 GC heap before
{Heap before GC invocations=40 (full 3):
 PSYoungGen      total 22528K, used 22496K [0x00000000d5580000, 0x00000000d7200000, 0x0000000100000000)
  eden space 21504K, 100% used [0x00000000d5580000,0x00000000d6a80000,0x00000000d6a80000)
  from space 1024K, 96% used [0x00000000d6e00000,0x00000000d6ef8030,0x00000000d6f00000)
  to   space 3584K, 0% used [0x00000000d6a80000,0x00000000d6a80000,0x00000000d6e00000)
 ParOldGen       total 68608K, used 32525K [0x0000000080000000, 0x0000000084300000, 0x00000000d5580000)
  object space 68608K, 47% used [0x0000000080000000,0x0000000081fc3538,0x0000000084300000)
 Metaspace       used 61005K, committed 62272K, reserved 1114112K
  class space    used 6796K, committed 7360K, reserved 1048576K
}
Event: 38.305 GC heap after
{Heap after GC invocations=40 (full 3):
 PSYoungGen      total 24064K, used 2210K [0x00000000d5580000, 0x00000000d6f80000, 0x0000000100000000)
  eden space 21504K, 0% used [0x00000000d5580000,0x00000000d5580000,0x00000000d6a80000)
  from space 2560K, 86% used [0x00000000d6a80000,0x00000000d6ca8810,0x00000000d6d00000)
  to   space 2560K, 0% used [0x00000000d6d00000,0x00000000d6d00000,0x00000000d6f80000)
 ParOldGen       total 68608K, used 33565K [0x0000000080000000, 0x0000000084300000, 0x00000000d5580000)
  object space 68608K, 48% used [0x0000000080000000,0x00000000820c7578,0x0000000084300000)
 Metaspace       used 61005K, committed 62272K, reserved 1114112K
  class space    used 6796K, committed 7360K, reserved 1048576K
}
Event: 38.630 GC heap before
{Heap before GC invocations=41 (full 3):
 PSYoungGen      total 24064K, used 23714K [0x00000000d5580000, 0x00000000d6f80000, 0x0000000100000000)
  eden space 21504K, 100% used [0x00000000d5580000,0x00000000d6a80000,0x00000000d6a80000)
  from space 2560K, 86% used [0x00000000d6a80000,0x00000000d6ca8810,0x00000000d6d00000)
  to   space 2560K, 0% used [0x00000000d6d00000,0x00000000d6d00000,0x00000000d6f80000)
 ParOldGen       total 68608K, used 33565K [0x0000000080000000, 0x0000000084300000, 0x00000000d5580000)
  object space 68608K, 48% used [0x0000000080000000,0x00000000820c7578,0x0000000084300000)
 Metaspace       used 61024K, committed 62272K, reserved 1114112K
  class space    used 6798K, committed 7360K, reserved 1048576K
}
Event: 38.637 GC heap after
{Heap after GC invocations=41 (full 3):
 PSYoungGen      total 24064K, used 2400K [0x00000000d5580000, 0x00000000d6f80000, 0x0000000100000000)
  eden space 21504K, 0% used [0x00000000d5580000,0x00000000d5580000,0x00000000d6a80000)
  from space 2560K, 93% used [0x00000000d6d00000,0x00000000d6f58030,0x00000000d6f80000)
  to   space 2560K, 0% used [0x00000000d6a80000,0x00000000d6a80000,0x00000000d6d00000)
 ParOldGen       total 68608K, used 35595K [0x0000000080000000, 0x0000000084300000, 0x00000000d5580000)
  object space 68608K, 51% used [0x0000000080000000,0x00000000822c2e98,0x0000000084300000)
 Metaspace       used 61024K, committed 62272K, reserved 1114112K
  class space    used 6798K, committed 7360K, reserved 1048576K
}
Event: 38.779 GC heap before
{Heap before GC invocations=42 (full 3):
 PSYoungGen      total 24064K, used 23904K [0x00000000d5580000, 0x00000000d6f80000, 0x0000000100000000)
  eden space 21504K, 99% used [0x00000000d5580000,0x00000000d6a7fff8,0x00000000d6a80000)
  from space 2560K, 93% used [0x00000000d6d00000,0x00000000d6f58030,0x00000000d6f80000)
  to   space 2560K, 0% used [0x00000000d6a80000,0x00000000d6a80000,0x00000000d6d00000)
 ParOldGen       total 68608K, used 35595K [0x0000000080000000, 0x0000000084300000, 0x00000000d5580000)
  object space 68608K, 51% used [0x0000000080000000,0x00000000822c2e98,0x0000000084300000)
 Metaspace       used 61045K, committed 62400K, reserved 1114112K
  class space    used 6798K, committed 7424K, reserved 1048576K
}
Event: 38.785 GC heap after
{Heap after GC invocations=42 (full 3):
 PSYoungGen      total 24064K, used 2052K [0x00000000d5580000, 0x00000000d6f80000, 0x0000000100000000)
  eden space 21504K, 0% used [0x00000000d5580000,0x00000000d5580000,0x00000000d6a80000)
  from space 2560K, 80% used [0x00000000d6a80000,0x00000000d6c81000,0x00000000d6d00000)
  to   space 2560K, 0% used [0x00000000d6d00000,0x00000000d6d00000,0x00000000d6f80000)
 ParOldGen       total 68608K, used 37867K [0x0000000080000000, 0x0000000084300000, 0x00000000d5580000)
  object space 68608K, 55% used [0x0000000080000000,0x00000000824faed8,0x0000000084300000)
 Metaspace       used 61045K, committed 62400K, reserved 1114112K
  class space    used 6798K, committed 7424K, reserved 1048576K
}
Event: 38.890 GC heap before
{Heap before GC invocations=43 (full 3):
 PSYoungGen      total 24064K, used 23556K [0x00000000d5580000, 0x00000000d6f80000, 0x0000000100000000)
  eden space 21504K, 100% used [0x00000000d5580000,0x00000000d6a80000,0x00000000d6a80000)
  from space 2560K, 80% used [0x00000000d6a80000,0x00000000d6c81000,0x00000000d6d00000)
  to   space 2560K, 0% used [0x00000000d6d00000,0x00000000d6d00000,0x00000000d6f80000)
 ParOldGen       total 68608K, used 37867K [0x0000000080000000, 0x0000000084300000, 0x00000000d5580000)
  object space 68608K, 55% used [0x0000000080000000,0x00000000824faed8,0x0000000084300000)
 Metaspace       used 61064K, committed 62400K, reserved 1114112K
  class space    used 6804K, committed 7424K, reserved 1048576K
}
Event: 38.896 GC heap after
{Heap after GC invocations=43 (full 3):
 PSYoungGen      total 23552K, used 1856K [0x00000000d5580000, 0x00000000d6f00000, 0x0000000100000000)
  eden space 21504K, 0% used [0x00000000d5580000,0x00000000d5580000,0x00000000d6a80000)
  from space 2048K, 90% used [0x00000000d6d00000,0x00000000d6ed0000,0x00000000d6f00000)
  to   space 2048K, 0% used [0x00000000d6b00000,0x00000000d6b00000,0x00000000d6d00000)
 ParOldGen       total 68608K, used 39766K [0x0000000080000000, 0x0000000084300000, 0x00000000d5580000)
  object space 68608K, 57% used [0x0000000080000000,0x00000000826d5a28,0x0000000084300000)
 Metaspace       used 61064K, committed 62400K, reserved 1114112K
  class space    used 6804K, committed 7424K, reserved 1048576K
}
Event: 39.011 GC heap before
{Heap before GC invocations=44 (full 3):
 PSYoungGen      total 23552K, used 23360K [0x00000000d5580000, 0x00000000d6f00000, 0x0000000100000000)
  eden space 21504K, 100% used [0x00000000d5580000,0x00000000d6a80000,0x00000000d6a80000)
  from space 2048K, 90% used [0x00000000d6d00000,0x00000000d6ed0000,0x00000000d6f00000)
  to   space 2048K, 0% used [0x00000000d6b00000,0x00000000d6b00000,0x00000000d6d00000)
 ParOldGen       total 68608K, used 39766K [0x0000000080000000, 0x0000000084300000, 0x00000000d5580000)
  object space 68608K, 57% used [0x0000000080000000,0x00000000826d5a28,0x0000000084300000)
 Metaspace       used 61123K, committed 62400K, reserved 1114112K
  class space    used 6810K, committed 7424K, reserved 1048576K
}
Event: 39.017 GC heap after
{Heap after GC invocations=44 (full 3):
 PSYoungGen      total 23552K, used 2016K [0x00000000d5580000, 0x00000000d7280000, 0x0000000100000000)
  eden space 21504K, 0% used [0x00000000d5580000,0x00000000d5580000,0x00000000d6a80000)
  from space 2048K, 98% used [0x00000000d6b00000,0x00000000d6cf8010,0x00000000d6d00000)
  to   space 4096K, 0% used [0x00000000d6e80000,0x00000000d6e80000,0x00000000d7280000)
 ParOldGen       total 68608K, used 41510K [0x0000000080000000, 0x0000000084300000, 0x00000000d5580000)
  object space 68608K, 60% used [0x0000000080000000,0x0000000082889a28,0x0000000084300000)
 Metaspace       used 61123K, committed 62400K, reserved 1114112K
  class space    used 6810K, committed 7424K, reserved 1048576K
}
Event: 39.308 GC heap before
{Heap before GC invocations=45 (full 3):
 PSYoungGen      total 23552K, used 23506K [0x00000000d5580000, 0x00000000d7280000, 0x0000000100000000)
  eden space 21504K, 99% used [0x00000000d5580000,0x00000000d6a7cbe8,0x00000000d6a80000)
  from space 2048K, 98% used [0x00000000d6b00000,0x00000000d6cf8010,0x00000000d6d00000)
  to   space 4096K, 0% used [0x00000000d6e80000,0x00000000d6e80000,0x00000000d7280000)
 ParOldGen       total 68608K, used 41510K [0x0000000080000000, 0x0000000084300000, 0x00000000d5580000)
  object space 68608K, 60% used [0x0000000080000000,0x0000000082889a28,0x0000000084300000)
 Metaspace       used 61389K, committed 62720K, reserved 1114112K
  class space    used 6840K, committed 7424K, reserved 1048576K
}
Event: 39.314 GC heap after
{Heap after GC invocations=45 (full 3):
 PSYoungGen      total 23040K, used 1496K [0x00000000d5580000, 0x00000000d7000000, 0x0000000100000000)
  eden space 21504K, 0% used [0x00000000d5580000,0x00000000d5580000,0x00000000d6a80000)
  from space 1536K, 97% used [0x00000000d6e80000,0x00000000d6ff6200,0x00000000d7000000)
  to   space 2560K, 0% used [0x00000000d6b00000,0x00000000d6b00000,0x00000000d6d80000)
 ParOldGen       total 68608K, used 43454K [0x0000000080000000, 0x0000000084300000, 0x00000000d5580000)
  object space 68608K, 63% used [0x0000000080000000,0x0000000082a6fa38,0x0000000084300000)
 Metaspace       used 61389K, committed 62720K, reserved 1114112K
  class space    used 6840K, committed 7424K, reserved 1048576K
}
Event: 40.412 GC heap before
{Heap before GC invocations=46 (full 3):
 PSYoungGen      total 23040K, used 22970K [0x00000000d5580000, 0x00000000d7000000, 0x0000000100000000)
  eden space 21504K, 99% used [0x00000000d5580000,0x00000000d6a786a0,0x00000000d6a80000)
  from space 1536K, 97% used [0x00000000d6e80000,0x00000000d6ff6200,0x00000000d7000000)
  to   space 2560K, 0% used [0x00000000d6b00000,0x00000000d6b00000,0x00000000d6d80000)
 ParOldGen       total 68608K, used 43454K [0x0000000080000000, 0x0000000084300000, 0x00000000d5580000)
  object space 68608K, 63% used [0x0000000080000000,0x0000000082a6fa38,0x0000000084300000)
 Metaspace       used 62848K, committed 64192K, reserved 1114112K
  class space    used 7022K, committed 7616K, reserved 1048576K
}
Event: 40.416 GC heap after
{Heap after GC invocations=46 (full 3):
 PSYoungGen      total 23552K, used 1758K [0x00000000d5580000, 0x00000000d6f00000, 0x0000000100000000)
  eden space 21504K, 0% used [0x00000000d5580000,0x00000000d5580000,0x00000000d6a80000)
  from space 2048K, 85% used [0x00000000d6b00000,0x00000000d6cb7b48,0x00000000d6d00000)
  to   space 2048K, 0% used [0x00000000d6d00000,0x00000000d6d00000,0x00000000d6f00000)
 ParOldGen       total 68608K, used 44887K [0x0000000080000000, 0x0000000084300000, 0x00000000d5580000)
  object space 68608K, 65% used [0x0000000080000000,0x0000000082bd5c38,0x0000000084300000)
 Metaspace       used 62848K, committed 64192K, reserved 1114112K
  class space    used 7022K, committed 7616K, reserved 1048576K
}
Event: 41.232 GC heap before
{Heap before GC invocations=47 (full 3):
 PSYoungGen      total 23552K, used 23262K [0x00000000d5580000, 0x00000000d6f00000, 0x0000000100000000)
  eden space 21504K, 100% used [0x00000000d5580000,0x00000000d6a80000,0x00000000d6a80000)
  from space 2048K, 85% used [0x00000000d6b00000,0x00000000d6cb7b48,0x00000000d6d00000)
  to   space 2048K, 0% used [0x00000000d6d00000,0x00000000d6d00000,0x00000000d6f00000)
 ParOldGen       total 68608K, used 44887K [0x0000000080000000, 0x0000000084300000, 0x00000000d5580000)
  object space 68608K, 65% used [0x0000000080000000,0x0000000082bd5c38,0x0000000084300000)
 Metaspace       used 65026K, committed 66432K, reserved 1114112K
  class space    used 7182K, committed 7808K, reserved 1048576K
}
Event: 41.236 GC heap after
{Heap after GC invocations=47 (full 3):
 PSYoungGen      total 22528K, used 896K [0x00000000d5580000, 0x00000000d6e00000, 0x0000000100000000)
  eden space 21504K, 0% used [0x00000000d5580000,0x00000000d5580000,0x00000000d6a80000)
  from space 1024K, 87% used [0x00000000d6d00000,0x00000000d6de0030,0x00000000d6e00000)
  to   space 1536K, 0% used [0x00000000d6b00000,0x00000000d6b00000,0x00000000d6c80000)
 ParOldGen       total 68608K, used 46447K [0x0000000080000000, 0x0000000084300000, 0x00000000d5580000)
  object space 68608K, 67% used [0x0000000080000000,0x0000000082d5bea8,0x0000000084300000)
 Metaspace       used 65026K, committed 66432K, reserved 1114112K
  class space    used 7182K, committed 7808K, reserved 1048576K
}
Event: 42.305 GC heap before
{Heap before GC invocations=48 (full 3):
 PSYoungGen      total 22528K, used 22400K [0x00000000d5580000, 0x00000000d6e00000, 0x0000000100000000)
  eden space 21504K, 100% used [0x00000000d5580000,0x00000000d6a80000,0x00000000d6a80000)
  from space 1024K, 87% used [0x00000000d6d00000,0x00000000d6de0030,0x00000000d6e00000)
  to   space 1536K, 0% used [0x00000000d6b00000,0x00000000d6b00000,0x00000000d6c80000)
 ParOldGen       total 68608K, used 46447K [0x0000000080000000, 0x0000000084300000, 0x00000000d5580000)
  object space 68608K, 67% used [0x0000000080000000,0x0000000082d5bea8,0x0000000084300000)
 Metaspace       used 67039K, committed 68544K, reserved 1114112K
  class space    used 7399K, committed 8000K, reserved 1048576K
}
Event: 42.314 GC heap after
{Heap after GC invocations=48 (full 3):
 PSYoungGen      total 23040K, used 1523K [0x00000000d5580000, 0x00000000d7080000, 0x0000000100000000)
  eden space 21504K, 0% used [0x00000000d5580000,0x00000000d5580000,0x00000000d6a80000)
  from space 1536K, 99% used [0x00000000d6b00000,0x00000000d6c7ce88,0x00000000d6c80000)
  to   space 3072K, 0% used [0x00000000d6d80000,0x00000000d6d80000,0x00000000d7080000)
 ParOldGen       total 68608K, used 47370K [0x0000000080000000, 0x0000000084300000, 0x00000000d5580000)
  object space 68608K, 69% used [0x0000000080000000,0x0000000082e42a60,0x0000000084300000)
 Metaspace       used 67039K, committed 68544K, reserved 1114112K
  class space    used 7399K, committed 8000K, reserved 1048576K
}

